Building DAG of jobs...
Using shell: /usr/bin/bash
Provided cores: 2
Rules claiming more threads will be scaled down.
Job stats:
job                 count
----------------  -------
all                     1
download_dataset        1
total                   2

Select jobs to execute...
Execute 1 jobs...

[Thu Mar 28 00:32:38 2024]
localrule download_dataset:
    output: /home/odette/stage-two/results/data/ACBarrie_R1.fastq.gz, /home/odette/stage-two/results/data/ACBarrie_R2.fastq.gz, /home/odette/stage-two/results/ref/reference.fasta
    jobid: 1
    reason: Code has changed since last execution
    threads: 2
    resources: tmpdir=/tmp

[Thu Mar 28 00:32:43 2024]
Finished job 1.
1 of 2 steps (50%) done
Select jobs to execute...
Execute 1 jobs...

[Thu Mar 28 00:32:43 2024]
localrule all:
    input: /home/odette/stage-two/results/data/ACBarrie_R1.fastq.gz, /home/odette/stage-two/results/data/ACBarrie_R2.fastq.gz, /home/odette/stage-two/results/ref/reference.fasta
    jobid: 0
    reason: Input files updated by another job: /home/odette/stage-two/results/ref/reference.fasta, /home/odette/stage-two/results/data/ACBarrie_R1.fastq.gz, /home/odette/stage-two/results/data/ACBarrie_R2.fastq.gz
    resources: tmpdir=/tmp

[Thu Mar 28 00:32:43 2024]
Finished job 0.
2 of 2 steps (100%) done
Complete log: .snakemake/log/2024-03-28T003238.287983.snakemake.log
