Building DAG of jobs...
Using shell: /usr/bin/bash
Provided cores: 2
Rules claiming more threads will be scaled down.
Job stats:
job       count
------  -------
fastqc        1
total         1

Select jobs to execute...
Execute 1 jobs...

[Thu Mar 28 13:57:57 2024]
localrule fastqc:
    input: /home/odette/stage-two/results/data/ACBarrie_R2.fastq.gz, /home/odette/stage-two/results/data/ACBarrie_R1.fastq.gz
    output: results/fastqc_output, results/fastqc_output/ACBarrie_R2_fastqc.zip, results/fastqc_output/ACBarrie_R2_fastqc.html, results/fastqc_output/ACBarrie_R1_fastqc.zip, results/fastqc_output/ACBarrie_R1_fastqc.html
    jobid: 0
    reason: Missing output files: results/fastqc_output/ACBarrie_R2_fastqc.zip, results/fastqc_output, results/fastqc_output/ACBarrie_R1_fastqc.zip, results/fastqc_output/ACBarrie_R1_fastqc.html, results/fastqc_output/ACBarrie_R2_fastqc.html
    resources: tmpdir=/tmp

ImproperOutputException in rule fastqc in file /home/odette/stage-two/workflow/rules/fastqc.smk, line 13:
Outputs of incorrect type (directories when expecting files or vice versa). Output directories must be flagged with directory(). for rule fastqc:
    output: results/fastqc_output, results/fastqc_output/ACBarrie_R2_fastqc.zip, results/fastqc_output/ACBarrie_R2_fastqc.html, results/fastqc_output/ACBarrie_R1_fastqc.zip, results/fastqc_output/ACBarrie_R1_fastqc.html
    affected files:
        results/fastqc_output
Removing output files of failed job fastqc since they might be corrupted:
results/fastqc_output, results/fastqc_output/ACBarrie_R2_fastqc.zip, results/fastqc_output/ACBarrie_R2_fastqc.html, results/fastqc_output/ACBarrie_R1_fastqc.zip, results/fastqc_output/ACBarrie_R1_fastqc.html
Skipped removing non-empty directory results/fastqc_output
Shutting down, this might take some time.
Exiting because a job execution failed. Look above for error message
Complete log: .snakemake/log/2024-03-28T135757.362491.snakemake.log
WorkflowError:
At least one job did not complete successfully.
