Building DAG of jobs...
Using shell: /usr/bin/bash
Provided cores: 2
Rules claiming more threads will be scaled down.
Job stats:
job                 count
----------------  -------
download_dataset        1
total                   1

Select jobs to execute...
Execute 1 jobs...

[Thu Mar 28 19:52:42 2024]
localrule download_dataset:
    output: results/data/ERR8774458_1.fastq.gz, results/data/ERR8774458_2.fastq.gz, results/ref/Reference.fasta
    jobid: 0
    reason: Missing output files: results/data/ERR8774458_1.fastq.gz, results/data/ERR8774458_2.fastq.gz, results/ref/Reference.fasta
    threads: 2
    resources: tmpdir=/tmp

[Thu Mar 28 19:54:34 2024]
Finished job 0.
1 of 1 steps (100%) done
Complete log: .snakemake/log/2024-03-28T195242.379662.snakemake.log
