Building DAG of jobs...
Using shell: /usr/bin/bash
Provided cores: 2
Rules claiming more threads will be scaled down.
Job stats:
job                 count
----------------  -------
download_dataset        1
total                   1

Select jobs to execute...
Execute 1 jobs...

[Thu Mar 28 19:17:27 2024]
localrule download_dataset:
    output: {'ERR8774458_1.fastq.gz': 'https://zenodo.org/records/10426436/files/ERR8774458_1.fastq.gz?download=1', 'ERR8774458_2.fastq.gz': 'https://zenodo.org/records/10426436/files/ERR8774458_2.fastq.gz?download=1', 'Reference.fasta': 'https://zenodo.org/records/10886725/files/Reference.fasta?download=1'}
    jobid: 0
    reason: Missing output files: {'ERR8774458_1.fastq.gz': 'https://zenodo.org/records/10426436/files/ERR8774458_1.fastq.gz?download=1', 'ERR8774458_2.fastq.gz': 'https://zenodo.org/records/10426436/files/ERR8774458_2.fastq.gz?download=1', 'Reference.fasta': 'https://zenodo.org/records/10886725/files/Reference.fasta?download=1'}
    threads: 2
    resources: tmpdir=/tmp

RuleException in rule download_dataset in file /home/odette/stage-two/workflow/rules/download.smk, line 12:
AttributeError: 'OutputFiles' object has no attribute '$file_name', when formatting the following:

        for file_name, file_url in file_urls: do
        wget -O results/data/{output.$file_name} {params[$file_url]}
        done
        
