Building DAG of jobs...
Using shell: /usr/bin/bash
Provided cores: 2
Rules claiming more threads will be scaled down.
Job stats:
job       count
------  -------
fastqc        1
total         1

Select jobs to execute...
Execute 1 jobs...

[Thu Mar 28 14:03:03 2024]
localrule fastqc:
    input: /home/odette/stage-two/results/data/ACBarrie_R2.fastq.gz, /home/odette/stage-two/results/data/ACBarrie_R1.fastq.gz
    output: results/fastqc_output, results/fastqc_output/ACBarrie_R2_fastqc.zip, results/fastqc_output/ACBarrie_R2_fastqc.html, results/fastqc_output/ACBarrie_R1_fastqc.zip, results/fastqc_output/ACBarrie_R1_fastqc.html
    jobid: 0
    reason: Missing output files: results/fastqc_output/ACBarrie_R2_fastqc.zip, results/fastqc_output/ACBarrie_R1_fastqc.zip, results/fastqc_output/ACBarrie_R1_fastqc.html, results/fastqc_output, results/fastqc_output/ACBarrie_R2_fastqc.html
    resources: tmpdir=/tmp

[Thu Mar 28 14:03:08 2024]
Finished job 0.
1 of 1 steps (100%) done
Complete log: .snakemake/log/2024-03-28T140303.461071.snakemake.log
