Building DAG of jobs...
Using shell: /usr/bin/bash
Provided cores: 2
Rules claiming more threads will be scaled down.
Job stats:
job                   count
------------------  -------
unzip_fastqc_files        1
total                     1

Select jobs to execute...
Execute 1 jobs...

[Thu Mar 28 14:45:24 2024]
localrule unzip_fastqc_files:
    input: results/fastqc_output/ACBarrie_R2_fastqc.zip, results/fastqc_output/ACBarrie_R1_fastqc.zip
    output: results/fastqc_output/all_summary_stats.txt
    jobid: 0
    reason: Code has changed since last execution
    resources: tmpdir=/tmp

Terminating processes on user request, this might take some time.
[Thu Mar 28 14:45:34 2024]
Error in rule unzip_fastqc_files:
    jobid: 0
    input: results/fastqc_output/ACBarrie_R2_fastqc.zip, results/fastqc_output/ACBarrie_R1_fastqc.zip
    output: results/fastqc_output/all_summary_stats.txt
    shell:
        
        for zip_file in results/fastqc_output/ACBarrie_R2_fastqc.zip results/fastqc_output/ACBarrie_R1_fastqc.zip; do
        unzip_dir=results/fastqc_output
        unzip "$zip_file" -d $unzip_dir
        cat "$unzip_dir/$(basename $zip_file '.zip')/summary.txt" >> results/fastqc_output/all_summary_stats.txt
        rm -r "$unzip_dir/$(basename $zip_file '.zip')"
        done
        
        (one of the commands exited with non-zero exit code; note that snakemake uses bash strict mode!)

Complete log: .snakemake/log/2024-03-28T144524.221895.snakemake.log
WorkflowError:
At least one job did not complete successfully.
