Building DAG of jobs...
Using shell: /usr/bin/bash
Provided cores: 2
Rules claiming more threads will be scaled down.
Job stats:
job                 count
----------------  -------
all                     1
download_dataset        1
total                   2

Select jobs to execute...
Execute 1 jobs...

[Wed Mar 27 16:31:11 2024]
localrule download_dataset:
    output: /home/odette/stage-two/results/data/ACBarrie_R1.fastq.gz, /home/odette/stage-two/results/data/ACBarrie_R2.fastq.gz, /home/odette/stage-two/results/ref/reference.fasta
    jobid: 1
    reason: Missing output files: /home/odette/stage-two/results/data/ACBarrie_R1.fastq.gz, /home/odette/stage-two/results/data/ACBarrie_R2.fastq.gz, /home/odette/stage-two/results/ref/reference.fasta
    threads: 2
    resources: tmpdir=/tmp

[Wed Mar 27 16:31:16 2024]
Finished job 1.
1 of 2 steps (50%) done
Select jobs to execute...
Execute 1 jobs...

[Wed Mar 27 16:31:16 2024]
localrule all:
    input: /home/odette/stage-two/results/data/ACBarrie_R1.fastq.gz, /home/odette/stage-two/results/data/ACBarrie_R2.fastq.gz, /home/odette/stage-two/results/ref/reference.fasta
    jobid: 0
    reason: Input files updated by another job: /home/odette/stage-two/results/data/ACBarrie_R1.fastq.gz, /home/odette/stage-two/results/data/ACBarrie_R2.fastq.gz, /home/odette/stage-two/results/ref/reference.fasta
    resources: tmpdir=/tmp

[Wed Mar 27 16:31:16 2024]
Finished job 0.
2 of 2 steps (100%) done
Complete log: .snakemake/log/2024-03-27T163111.833943.snakemake.log
