Building DAG of jobs...
Using shell: /usr/bin/bash
Provided cores: 2
Rules claiming more threads will be scaled down.
Job stats:
job       count
------  -------
fastqc        1
total         1

Select jobs to execute...
Execute 1 jobs...

[Thu Mar 28 14:00:42 2024]
localrule fastqc:
    input: /home/odette/stage-two/results/data/ACBarrie_R2.fastq.gz, /home/odette/stage-two/results/data/ACBarrie_R1.fastq.gz
    output: /results/fastqc_output, /results/fastqc_output/ACBarrie_R2_fastqc.zip, /results/fastqc_output/ACBarrie_R2_fastqc.html, /results/fastqc_output/ACBarrie_R1_fastqc.zip, /results/fastqc_output/ACBarrie_R1_fastqc.html
    jobid: 0
    reason: Missing output files: /results/fastqc_output, /results/fastqc_output/ACBarrie_R2_fastqc.zip, /results/fastqc_output/ACBarrie_R1_fastqc.zip, /results/fastqc_output/ACBarrie_R1_fastqc.html, /results/fastqc_output/ACBarrie_R2_fastqc.html
    resources: tmpdir=/tmp

Traceback (most recent call last):

  File "/home/odette/anaconda3/envs/snakemake/lib/python3.12/site-packages/snakemake/cli.py", line 2055, in args_to_api
    dag_api.execute_workflow(

  File "/home/odette/anaconda3/envs/snakemake/lib/python3.12/site-packages/snakemake/api.py", line 589, in execute_workflow
    workflow.execute(

  File "/home/odette/anaconda3/envs/snakemake/lib/python3.12/site-packages/snakemake/workflow.py", line 1247, in execute
    raise e

  File "/home/odette/anaconda3/envs/snakemake/lib/python3.12/site-packages/snakemake/workflow.py", line 1243, in execute
    success = self.scheduler.schedule()
              ^^^^^^^^^^^^^^^^^^^^^^^^^

  File "/home/odette/anaconda3/envs/snakemake/lib/python3.12/site-packages/snakemake/scheduler.py", line 301, in schedule
    self.run(

  File "/home/odette/anaconda3/envs/snakemake/lib/python3.12/site-packages/snakemake/scheduler.py", line 394, in run
    executor.run_jobs(jobs)

  File "/home/odette/anaconda3/envs/snakemake/lib/python3.12/site-packages/snakemake_interface_executor_plugins/executors/base.py", line 72, in run_jobs
    self.run_job(job)

  File "/home/odette/anaconda3/envs/snakemake/lib/python3.12/site-packages/snakemake/executors/local.py", line 107, in run_job
    future = self.run_single_job(job)
             ^^^^^^^^^^^^^^^^^^^^^^^^

  File "/home/odette/anaconda3/envs/snakemake/lib/python3.12/site-packages/snakemake/executors/local.py", line 180, in run_single_job
    self.cached_or_run, job, run_wrapper, *self.job_args_and_prepare(job)
                                           ^^^^^^^^^^^^^^^^^^^^^^^^^^^^^^

  File "/home/odette/anaconda3/envs/snakemake/lib/python3.12/site-packages/snakemake/executors/local.py", line 115, in job_args_and_prepare
    async_run(job.prepare())

  File "/home/odette/anaconda3/envs/snakemake/lib/python3.12/site-packages/snakemake/common/__init__.py", line 94, in async_run
    return asyncio.run(coroutine)
           ^^^^^^^^^^^^^^^^^^^^^^

  File "/home/odette/anaconda3/envs/snakemake/lib/python3.12/asyncio/runners.py", line 194, in run
    return runner.run(main)
           ^^^^^^^^^^^^^^^^

  File "/home/odette/anaconda3/envs/snakemake/lib/python3.12/asyncio/runners.py", line 118, in run
    return self._loop.run_until_complete(task)
           ^^^^^^^^^^^^^^^^^^^^^^^^^^^^^^^^^^^

  File "/home/odette/anaconda3/envs/snakemake/lib/python3.12/asyncio/base_events.py", line 685, in run_until_complete
    return future.result()
           ^^^^^^^^^^^^^^^

  File "/home/odette/anaconda3/envs/snakemake/lib/python3.12/site-packages/snakemake/jobs.py", line 766, in prepare
    f.prepare()

  File "/home/odette/anaconda3/envs/snakemake/lib/python3.12/site-packages/snakemake/io.py", line 651, in prepare
    raise e

  File "/home/odette/anaconda3/envs/snakemake/lib/python3.12/site-packages/snakemake/io.py", line 647, in prepare
    os.makedirs(dirpath, exist_ok=True)

  File "<frozen os>", line 225, in makedirs

PermissionError: [Errno 13] Permission denied: '/results'

