Building DAG of jobs...
Using shell: /usr/bin/bash
Provided cores: 2
Rules claiming more threads will be scaled down.
Job stats:
job       count
------  -------
fastqc        1
total         1

Select jobs to execute...
Execute 1 jobs...

[Thu Mar 28 12:25:17 2024]
localrule fastqc:
    input: results/data/ACBarrie_R2.fastq.gz, results/data/ACBarrie_R1.fastq.gz
    output: results/fastqc_output
    jobid: 0
    reason: Missing output files: results/fastqc_output
    resources: tmpdir=/tmp

[Thu Mar 28 12:25:17 2024]
Error in rule fastqc:
    jobid: 0
    input: results/data/ACBarrie_R2.fastq.gz, results/data/ACBarrie_R1.fastq.gz
    output: results/fastqc_output
    shell:
        
        fastqc results/data/ACBarrie_R2.fastq.gz results/data/ACBarrie_R1.fastq.gz -o results/fastqc_output
        
        (one of the commands exited with non-zero exit code; note that snakemake uses bash strict mode!)

Shutting down, this might take some time.
Exiting because a job execution failed. Look above for error message
Complete log: .snakemake/log/2024-03-28T122517.166130.snakemake.log
WorkflowError:
At least one job did not complete successfully.
